<?xml version="1.0" encoding="UTF-8"?>
<!-- Generated by org.testng.reporters.JUnitXMLReporter -->
<testsuite ignored="0" hostname="TR-FX78JX3" failures="1" tests="3" name="Surefire test" time="0.089" errors="0" timestamp="2024-12-23T18:54:44 IST">
  <testcase classname="TestBase.BaseClass" name="@BeforeClass SetUp" time="-1.73496028435E9">
    <failure type="org.testng.TestNGException" message="
Parameter &amp;apos;os&amp;apos; is required by BeforeClass on method SetUp but has not been marked @Optional or defined
">
      <![CDATA[org.testng.TestNGException: 
Parameter 'os' is required by BeforeClass on method SetUp but has not been marked @Optional or defined

at java.base/java.util.ArrayList.forEach(ArrayList.java:1511)
... Removed 27 stack frames]]>
    </failure>
  </testcase> <!-- @BeforeClass SetUp -->
  <testcase classname="TestBase.BaseClass" name="@AfterClass TearDown" time="0.0">
    <skipped/>
  </testcase> <!-- @AfterClass TearDown -->
  <testcase classname="TestBase.BaseClass" name="@BeforeClass SetUp" time="-1.734960284393E9">
    <failure type="org.testng.TestNGException" message="
Parameter &amp;apos;os&amp;apos; is required by BeforeClass on method SetUp but has not been marked @Optional or defined
">
      <![CDATA[org.testng.TestNGException: 
Parameter 'os' is required by BeforeClass on method SetUp but has not been marked @Optional or defined

at java.base/java.util.ArrayList.forEach(ArrayList.java:1511)
... Removed 27 stack frames]]>
    </failure>
  </testcase> <!-- @BeforeClass SetUp -->
  <testcase classname="TestBase.BaseClass" name="@AfterClass TearDown" time="0.0">
    <skipped/>
  </testcase> <!-- @AfterClass TearDown -->
  <testcase classname="TestBase.BaseClass" name="@BeforeClass SetUp" time="-1.734960284399E9">
    <failure type="org.testng.TestNGException" message="
Parameter &amp;apos;os&amp;apos; is required by BeforeClass on method SetUp but has not been marked @Optional or defined
">
      <![CDATA[org.testng.TestNGException: 
Parameter 'os' is required by BeforeClass on method SetUp but has not been marked @Optional or defined

at java.base/java.util.ArrayList.forEach(ArrayList.java:1511)
... Removed 27 stack frames]]>
    </failure>
  </testcase> <!-- @BeforeClass SetUp -->
  <testcase classname="TestBase.BaseClass" name="@AfterClass TearDown" time="0.0">
    <skipped/>
  </testcase> <!-- @AfterClass TearDown -->
  <testcase classname="TestCases.TC001_AccountRegistrationTest" name="VerifyAccountRegistration" time="0.0">
    <skipped/>
  </testcase> <!-- VerifyAccountRegistration -->
  <testcase classname="TestCases.TC002_LoginTest" name="verify_LOgin" time="0.0">
    <skipped/>
  </testcase> <!-- verify_LOgin -->
  <testcase classname="TestCases.TC003_LoginDataDrivenTestCase" name="verify_LOgin" time="0.0">
    <failure type="java.lang.RuntimeException" message="java.io.FileNotFoundException: .\TestData\OpenCart_LoginData.xlsx (The system cannot find the file specified)">
      <![CDATA[java.lang.RuntimeException: java.io.FileNotFoundException: .\TestData\OpenCart_LoginData.xlsx (The system cannot find the file specified)
at java.base/java.util.ArrayList.forEach(ArrayList.java:1511)
Caused by: java.io.FileNotFoundException: .\TestData\OpenCart_LoginData.xlsx (The system cannot find the file specified)
at java.base/java.io.FileInputStream.open0(Native Method)
at java.base/java.io.FileInputStream.open(FileInputStream.java:216)
at java.base/java.io.FileInputStream.<init>(FileInputStream.java:157)
at java.base/java.io.FileInputStream.<init>(FileInputStream.java:111)
at utilities.Excelutility.getRowCount(Excelutility.java:31)
at utilities.DataProviders.getDATA(DataProviders.java:17)
... 30 more
... Removed 37 stack frames]]>
    </failure>
  </testcase> <!-- verify_LOgin -->
</testsuite> <!-- Surefire test -->
